  Game.cpp
C:\Users\Zero\Desktop\Game_Space_War\Game.cpp(123,26): warning C4244: инициализация: преобразование "double" в "float", возможна потеря данных
C:\Users\Zero\Desktop\Game_Space_War\Game.cpp(126,26): warning C4244: инициализация: преобразование "double" в "float", возможна потеря данных
C:\Users\Zero\Desktop\Game_Space_War\Game.cpp(137,22): warning C4244: инициализация: преобразование "double" в "float", возможна потеря данных
  LazerHero.cpp
C:\Users\Zero\Desktop\Game_Space_War\LazerHero.cpp(35,29): warning C4244: аргумент: преобразование "int" в "float", возможна потеря данных
C:\Users\Zero\Desktop\Game_Space_War\LazerHero.cpp(35,22): warning C4244: аргумент: преобразование "int" в "float", возможна потеря данных
C:\Users\Zero\Desktop\Game_Space_War\LazerHero.cpp(52,37): warning C4244: аргумент: преобразование "int" в "float", возможна потеря данных
C:\Users\Zero\Desktop\Game_Space_War\LazerHero.cpp(52,26): warning C4244: аргумент: преобразование "int" в "float", возможна потеря данных
C:\Users\Zero\Desktop\Game_Space_War\LazerHero.cpp(62,29): warning C4244: аргумент: преобразование "int" в "float", возможна потеря данных
C:\Users\Zero\Desktop\Game_Space_War\LazerHero.cpp(62,22): warning C4244: аргумент: преобразование "int" в "float", возможна потеря данных
  Menu.cpp
  Restart.cpp
  Rules.cpp
  Victory.cpp
C:\Users\Zero\Desktop\Game_Space_War\Victory.cpp(56,26): warning C4129: : неизвестная escape-последовательность
  Создание кода
  4 of 277 functions ( 1.4%) were compiled, the rest were copied from previous compilation.
    0 functions were new in current compilation
    2 functions had inline decision re-evaluated but remain unchanged
  Создание кода завершено
  Game_Space_War.vcxproj -> C:\Users\Zero\Desktop\Game_Space_War\x64\Release\Game_Space_War.exe
